
Showing logs for build [32mcb-kubecd-environment-pr-182-73-j88vq-1[0m stage [32mfrom-build-pack[0m and container [32mstep-credential-initializer-nk7tj[0m
{"level":"warn","ts":1584283085.948059,"logger":"fallback-logger","caller":"logging/config.go:69","msg":"Fetch GitHub commit ID from kodata failed: \"ref: refs/heads/0.8.0-**-support-backwards-incompats\" is not a valid GitHub commit ID"}
{"level":"info","ts":1584283085.9485128,"logger":"fallback-logger","caller":"creds-init/main.go:40","msg":"Credentials initialized."}

Showing logs for build [32mcb-kubecd-environment-pr-182-73-j88vq-1[0m stage [32mfrom-build-pack[0m and container [32mstep-working-dir-initializer-zf6m5[0m
{"level":"warn","ts":1584283087.3618293,"logger":"fallback-logger","caller":"logging/config.go:69","msg":"Fetch GitHub commit ID from kodata failed: open /var/run/ko/HEAD: no such file or directory"}
{"level":"info","ts":1584283087.3634305,"logger":"fallback-logger","caller":"bash/main.go:64","msg":"Successfully executed command \"sh -c mkdir -p /workspace/source\"; output "}

Showing logs for build [32mcb-kubecd-environment-pr-182-73-j88vq-1[0m stage [32mfrom-build-pack[0m and container [32mstep-place-tools[0m

Showing logs for build [32mcb-kubecd-environment-pr-182-73-j88vq-1[0m stage [32mfrom-build-pack[0m and container [32mstep-git-source-cb-kubecd-environment-pr-182-73-j88vq-s6vrm[0m
{"level":"warn","ts":1584283090.4743547,"logger":"fallback-logger","caller":"logging/config.go:69","msg":"Fetch GitHub commit ID from kodata failed: \"ref: refs/heads/0.8.0-**-support-backwards-incompats\" is not a valid GitHub commit ID"}
{"level":"info","ts":1584283091.5206006,"logger":"fallback-logger","caller":"git/git.go:103","msg":"Successfully cloned https://github.com/cb-kubecd/environment-pr-182-73-boot-gke-production.git @ master in path /workspace/source"}

Showing logs for build [32mcb-kubecd-environment-pr-182-73-j88vq-1[0m stage [32mfrom-build-pack[0m and container [32mstep-git-merge[0m
Using SHAs from PULL_REFS=master:58a9cd768e0dfc010f58a0c8c0de041cbffb9f66,1:e7a5a85e48c86a04447bbaf70a21f53441b856d0
DEBUG: LC_ALL=C JX_LOG_LEVEL=error git fetch origin --unshallow e7a5a85e48c86a04447bbaf70a21f53441b856d0: 58a9cd768e0dfc010f58a0c8c0de041cbffb9f66:
DEBUG: ran git fetch --unshallow origin e7a5a85e48c86a04447bbaf70a21f53441b856d0: 58a9cd768e0dfc010f58a0c8c0de041cbffb9f66: in 
DEBUG: LC_ALL=C JX_LOG_LEVEL=error git branch
DEBUG: LC_ALL=C JX_LOG_LEVEL=error git checkout master
DEBUG: ran git checkout master in 
DEBUG: JX_LOG_LEVEL=error LC_ALL=C git reset --hard 58a9cd768e0dfc010f58a0c8c0de041cbffb9f66
DEBUG: ran git reset --hard 58a9cd768e0dfc010f58a0c8c0de041cbffb9f66 in 
DEBUG: LC_ALL=C JX_LOG_LEVEL=error git clean -fd .
DEBUG: ran clean --force -d . in 
DEBUG: JX_LOG_LEVEL=error LC_ALL=C git merge e7a5a85e48c86a04447bbaf70a21f53441b856d0
DEBUG: ran git merge e7a5a85e48c86a04447bbaf70a21f53441b856d0 in 
DEBUG: LC_ALL=C JX_LOG_LEVEL=error git log --format=%H%x1f%an%x1f%ae%x1f%cn%x1f%ce%x1f%s%n%b%x1e 58a9cd768e0dfc010f58a0c8c0de041cbffb9f66..HEAD
Merged SHA e7a5a85e48c86a04447bbaf70a21f53441b856d0 with commit message 'chore: Promote bdd-spring-1584282200 to version 0.0.1' into base branch master

Showing logs for build [32mcb-kubecd-environment-pr-182-73-j88vq-1[0m stage [32mfrom-build-pack[0m and container [32mstep-build-helm-build[0m
WARNING: No $CHART_REPOSITORY defined so using the default value of: http://jenkins-x-chartmuseum:8080
Adding missing Helm repo: storage.googleapis.com https://storage.googleapis.com/chartmuseum.jenkins-x.io
WARNING: No secrets found on "helm/repos" due: reading the secret "helm/repos" from vault: no secret "helm/repos" not found in vault
Read credentials for https://storage.googleapis.com/chartmuseum.jenkins-x.io from vault helm/repos
Successfully added Helm repository storage.googleapis.com.
Adding missing Helm repo: jenkins-x-chartmuseum http://jenkins-x-chartmuseum:8080
WARNING: No secrets found on "helm/repos" due: reading the secret "helm/repos" from vault: no secret "helm/repos" not found in vault
Read credentials for http://jenkins-x-chartmuseum:8080 from vault helm/repos
Successfully added Helm repository jenkins-x-chartmuseum.
WARNING: No $CHART_REPOSITORY defined so using the default value of: http://jenkins-x-chartmuseum:8080
Adding missing Helm repo: chartmuseum.jenkins-x.io http://chartmuseum.jenkins-x.io
WARNING: No secrets found on "helm/repos" due: reading the secret "helm/repos" from vault: no secret "helm/repos" not found in vault
Read credentials for http://chartmuseum.jenkins-x.io from vault helm/repos
Successfully added Helm repository chartmuseum.jenkins-x.io.
